
INFO: test x2y Transformation:Workflow : Executing workflow test x2y Transformation...
INFO: test x2y Transformation:Workflow : Expanding configuration of components...
INFO: test x2y Transformation:Workflow : Executing components...
INFO: test x2y Transformation:Workflow : Executing modelReader:ModelReader...

INFO: modelReader:ModelReader : Loading file 'platform:/resource/de.silvawb.uml2blocky.launch/My.blocky' to model slot 'input'...

INFO: test x2y Transformation:Workflow : Executing mote2Transformer:Mote2Transformer...

INFO: mote2Transformer:Mote2Transformer : Executing backward transformation...
INFO: mote2Transformer:Mote2Transformer : Initializing TGG engine with rules 'de.silvawb.uml2blocky'...
INFO: mote2Transformer:Mote2Transformer : Initializing input models...
INFO: mote2Transformer:Mote2Transformer : Executing transformation...
Unknown kind of notification: de.mdelab.mltgg.mote2.notifications.TransformationStartedNotification@6446d075
Unknown kind of notification: de.mdelab.mltgg.mote2.notifications.ExecutingAxiomNotification@651fe4c1


Executing activity 'uml2blockyAxiom_r1_transform_backward'...
Variable created: __thisRule:org.eclipse.emf.ecore.impl.EClassImpl@2d5f748f (name: OperationalAxiom) (instanceClassName: null) (abstract: false, interface: false) = de.silvawb.uml2blocky.generated.impl.uml2blockyAxiom_r1Impl@698959b8 (ruleID: r1)
Variable created: __checkAttributeFormulae:org.eclipse.emf.ecore.impl.EDataTypeImpl@281bd5fc (name: EBoolean) (instanceClassName: boolean) (serializable: true) = false
Variable created: target:org.eclipse.emf.ecore.impl.EClassImpl@7251258a (name: BlockDiagram) (instanceClassName: null) (abstract: false, interface: false) = de.silvawb.blocky.impl.BlockDiagramImpl@70cf768 (name: null)


Executing activity node 'null'...
Finished execution of activity node 'null'.
Traversing activity edge from 'null' to 'match LHS'.


Executing activity node 'match LHS'...
Initializing story pattern 'match LHS'...
Initialization finished of story pattern 'match LHS'.
Matching story pattern 'match LHS'...
Bound story pattern object 'target' to 'de.silvawb.blocky.impl.BlockDiagramImpl@70cf768 (name: null).
Bound story pattern object '__thisRule' to 'de.silvawb.uml2blocky.generated.impl.uml2blockyAxiom_r1Impl@698959b8 (ruleID: r1).
Traversing link 'axioms' from '__thisRule' to '__ruleGroup' (__thisRule: de.silvawb.uml2blocky.generated.impl.uml2blockyAxiom_r1Impl@698959b8 (ruleID: r1))...
Variable created: __ruleGroup:org.eclipse.emf.ecore.impl.EClassImpl@65ef870c (name: OperationalAxiomGroup) (instanceClassName: null) (abstract: false, interface: false) = de.silvawb.uml2blocky.generated.impl.uml2blockyAxiomImpl@57932b28 (ruleGroupID: uml2blockyAxiom)
Bound story pattern object '__ruleGroup' to 'de.silvawb.uml2blocky.generated.impl.uml2blockyAxiomImpl@57932b28 (ruleGroupID: uml2blockyAxiom).
Traversing link 'operationalAxiomGroup' from '__ruleGroup' to '__opTgg' (__ruleGroup: de.silvawb.uml2blocky.generated.impl.uml2blockyAxiomImpl@57932b28 (ruleGroupID: uml2blockyAxiom))...
Variable created: __opTgg:org.eclipse.emf.ecore.impl.EClassImpl@3e8900f9 (name: OperationalTGG) (instanceClassName: null) (abstract: false, interface: false) = de.silvawb.uml2blocky.generated.impl.uml2blockyOperationalTGGImpl@7ef67c02 (tggID: de.silvawb.uml2blocky) (interpreter: de.mdelab.mlsdm.interpreter.eclipse.MLSDMEclipseInterpreter@6847a86c)
Bound story pattern object '__opTgg' to 'de.silvawb.uml2blocky.generated.impl.uml2blockyOperationalTGGImpl@7ef67c02 (tggID: de.silvawb.uml2blocky) (interpreter: de.mdelab.mlsdm.interpreter.eclipse.MLSDMEclipseInterpreter@6847a86c).
Traversing link 'operationalTGG' from '__opTgg' to '__tggEngine' (__opTgg: de.silvawb.uml2blocky.generated.impl.uml2blockyOperationalTGGImpl@7ef67c02 (tggID: de.silvawb.uml2blocky) (interpreter: de.mdelab.mlsdm.interpreter.eclipse.MLSDMEclipseInterpreter@6847a86c))...
Variable created: __tggEngine:org.eclipse.emf.ecore.impl.EClassImpl@a7dac0a (name: TGGEngine) (instanceClassName: null) (abstract: true, interface: false) = de.mdelab.mltgg.mote.eclipse.MoTE2Eclipse@38827ff0
Link check successful: 'uncoveredRightElements' from '__tggEngine' to 'target' (source: 'de.mdelab.mltgg.mote.eclipse.MoTE2Eclipse@38827ff0', target: 'de.silvawb.blocky.impl.BlockDiagramImpl@70cf768 (name: null)').
Bound story pattern object '__tggEngine' to 'de.mdelab.mltgg.mote.eclipse.MoTE2Eclipse@38827ff0.
Matching successful of story pattern 'match LHS.
Applying story pattern 'match LHS...
Applied story pattern 'match LHS...
Finished execution of activity node 'match LHS'.
Traversing activity edge from 'match LHS' to 'evaluate rule variables'.


Executing activity node 'evaluate rule variables'...
Evaluating expression 'de.mdelab.mlcallactions.impl.CallActionExpressionImpl@3de5b521 (uuid: _OLzNPpiTEeWSsvUyU8yapg) (ast: null)'...
Evaluated expression 'de.mdelab.mlcallactions.impl.CallActionExpressionImpl@3de5b521 (uuid: _OLzNPpiTEeWSsvUyU8yapg) (ast: null)' to 'null'.
Finished execution of activity node 'evaluate rule variables'.
Traversing activity edge from 'evaluate rule variables' to 'transform elements'.


Executing activity node 'transform elements'...
Initializing story pattern 'transform elements'...
Initialization finished of story pattern 'transform elements'.
Matching story pattern 'transform elements'...
Bound story pattern object '__thisRule' to 'de.silvawb.uml2blocky.generated.impl.uml2blockyAxiom_r1Impl@698959b8 (ruleID: r1).
Bound story pattern object 'target' to 'de.silvawb.blocky.impl.BlockDiagramImpl@70cf768 (name: null).
Bound story pattern object '__tggEngine' to 'de.mdelab.mltgg.mote.eclipse.MoTE2Eclipse@38827ff0.
Link check successful: 'uncoveredRightElements' from '__tggEngine' to 'target' (source: 'de.mdelab.mltgg.mote.eclipse.MoTE2Eclipse@38827ff0', target: 'de.silvawb.blocky.impl.BlockDiagramImpl@70cf768 (name: null)').
Matching successful of story pattern 'transform elements.
Applying story pattern 'transform elements...
Instance link 'uncoveredRightElements' destroyed from '__tggEngine' to 'target' (__tggEngine: 'de.mdelab.mlstorypatterns.impl.StoryPatternObjectImpl@16ccf3f0 (uuid: _OLzNS5iTEeWSsvUyU8yapg) (modifier: NONE, matchType: DEFAULT) (name: __tggEngine) (bindingType: BOUND)', target: 'de.silvawb.blocky.impl.BlockDiagramImpl@70cf768 (name: null)')
Variable created: corrAxiom:org.eclipse.emf.ecore.impl.EClassImpl@28f4ad01 (name: CorrAxiom) (instanceClassName: null) (abstract: false, interface: false) = de.silvawb.uml2blocky.impl.CorrAxiomImpl@69a31d41
Instance object created for 'corrAxiom': de.silvawb.uml2blocky.impl.CorrAxiomImpl@69a31d41
Instance link 'createdBy' created from 'corrAxiom' to '__thisRule' (corrAxiom: 'de.silvawb.uml2blocky.impl.CorrAxiomImpl@69a31d41', __thisRule: 'de.silvawb.uml2blocky.generated.impl.uml2blockyAxiom_r1Impl@698959b8 (ruleID: r1)')
Instance link 'rightNodes' created from 'corrAxiom' to 'target' (corrAxiom: 'de.silvawb.uml2blocky.impl.CorrAxiomImpl@69a31d41', target: 'de.silvawb.blocky.impl.BlockDiagramImpl@70cf768 (name: null)')
Variable created: model:org.eclipse.emf.ecore.impl.EClassImpl@5be6c4df (name: Model) (instanceClassName: null) (abstract: false, interface: false) = org.eclipse.uml2.uml.internal.impl.ModelImpl@53d5cc95 (name: <unset>, visibility: <unset>) (URI: null) (viewpoint: <unset>)
Instance object created for 'model': org.eclipse.uml2.uml.internal.impl.ModelImpl@53d5cc95 (name: <unset>, visibility: <unset>) (URI: null) (viewpoint: <unset>)
Instance link 'leftNodes' created from 'corrAxiom' to 'model' (corrAxiom: 'de.silvawb.uml2blocky.impl.CorrAxiomImpl@69a31d41', model: 'org.eclipse.uml2.uml.internal.impl.ModelImpl@53d5cc95 (name: <unset>, visibility: <unset>) (URI: null) (viewpoint: <unset>)')
Instance link 'createdTGGNodes' created from '__thisRule' to 'corrAxiom' (__thisRule: 'de.silvawb.uml2blocky.generated.impl.uml2blockyAxiom_r1Impl@698959b8 (ruleID: r1)', corrAxiom: 'de.silvawb.uml2blocky.impl.CorrAxiomImpl@69a31d41')
Instance link 'coveredLeftElements' created from '__tggEngine' to 'model' (__tggEngine: 'de.mdelab.mltgg.mote.eclipse.MoTE2Eclipse@38827ff0', model: 'org.eclipse.uml2.uml.internal.impl.ModelImpl@53d5cc95 (name: <unset>, visibility: <unset>) (URI: null) (viewpoint: <unset>)')
Instance link 'coveredLeftElements' created from '__tggEngine' to 'corrAxiom' (__tggEngine: 'de.mdelab.mltgg.mote.eclipse.MoTE2Eclipse@38827ff0', corrAxiom: 'de.silvawb.uml2blocky.impl.CorrAxiomImpl@69a31d41')
Instance link 'coveredRightElements' created from '__tggEngine' to 'target' (__tggEngine: 'de.mdelab.mltgg.mote.eclipse.MoTE2Eclipse@38827ff0', target: 'de.silvawb.blocky.impl.BlockDiagramImpl@70cf768 (name: null)')
Instance link 'coveredRightElements' created from '__tggEngine' to 'corrAxiom' (__tggEngine: 'de.mdelab.mltgg.mote.eclipse.MoTE2Eclipse@38827ff0', corrAxiom: 'de.silvawb.uml2blocky.impl.CorrAxiomImpl@69a31d41')
Instance link 'tggNodes' created from '__tggEngine' to 'corrAxiom' (__tggEngine: 'de.mdelab.mltgg.mote.eclipse.MoTE2Eclipse@38827ff0', corrAxiom: 'de.silvawb.uml2blocky.impl.CorrAxiomImpl@69a31d41')
Applied story pattern 'transform elements...
Finished execution of activity node 'transform elements'.
Traversing activity edge from 'transform elements' to 'register covered links and inverse links'.


Executing activity node 'register covered links and inverse links'...
Evaluating expression 'de.mdelab.mlcallactions.impl.CallActionExpressionImpl@3c3463e4 (uuid: _OLzNUJiTEeWSsvUyU8yapg) (ast: null)'...
Evaluated expression 'de.mdelab.mlcallactions.impl.CallActionExpressionImpl@3c3463e4 (uuid: _OLzNUJiTEeWSsvUyU8yapg) (ast: null)' to 'true'.
Finished execution of activity node 'register covered links and inverse links'.
Traversing activity edge from 'register covered links and inverse links' to 'null'.


Executing activity node 'null'...
Evaluating expression 'de.mdelab.mlcallactions.impl.CallActionExpressionImpl@54770170 (uuid: _OLzNKZiTEeWSsvUyU8yapg) (ast: null)'...
Evaluated expression 'de.mdelab.mlcallactions.impl.CallActionExpressionImpl@54770170 (uuid: _OLzNKZiTEeWSsvUyU8yapg) (ast: null)' to 'false'.
Finished execution of activity node 'null'.
Traversing activity edge from 'null' to 'null'.


Executing activity node 'null'...
Finished execution of activity node 'null'.
Traversing activity edge from 'null' to 'add TGGNode to transformation queue'.


Executing activity node 'add TGGNode to transformation queue'...
Evaluating expression '__tggEngine.backwardTransformationQueue.add(corrAxiom, false)'...
Evaluated expression '__tggEngine.backwardTransformationQueue.add(corrAxiom, false)' to 'null'.
Finished execution of activity node 'add TGGNode to transformation queue'.
Traversing activity edge from 'add TGGNode to transformation queue' to 'null'.


Executing activity node 'null'...
Finished execution of activity node 'null'.
Evaluating expression 'de.mdelab.mlcallactions.impl.CallActionExpressionImpl@75fac1a0 (uuid: _OLzNYJiTEeWSsvUyU8yapg) (ast: null)'...
Evaluated expression 'de.mdelab.mlcallactions.impl.CallActionExpressionImpl@75fac1a0 (uuid: _OLzNYJiTEeWSsvUyU8yapg) (ast: null)' to 'org.eclipse.uml2.uml.internal.impl.ModelImpl@53d5cc95 (name: <unset>, visibility: <unset>) (URI: null) (viewpoint: <unset>)'.
Evaluating expression 'mote2::operationalTGG::ErrorCodeEnum::OK'...
Evaluated expression 'mote2::operationalTGG::ErrorCodeEnum::OK' to 'OK'.
Finished execution of activity 'uml2blockyAxiom_r1_transform_backward'.
Unknown kind of notification: de.mdelab.mltgg.mote2.notifications.AxiomExecutedNotification@783abd3f
Unknown kind of notification: de.mdelab.mltgg.mote2.notifications.TransformationFinishedNotification@585eb0c3
INFO: mote2Transformer:Mote2Transformer : Transformation successful.

INFO: test x2y Transformation:Workflow : Executing modelWriter:ModelWriter...

INFO: modelWriter:ModelWriter : Saving model slot 'output' to 'platform:/resource/de.silvawb.uml2blocky.launch/My02.uml'...

INFO: test x2y Transformation:Workflow : Execution finished in 57 ms.

