
INFO: test x2y Transformation:Workflow : Executing workflow test x2y Transformation...
INFO: test x2y Transformation:Workflow : Expanding configuration of components...
INFO: test x2y Transformation:Workflow : Executing components...
INFO: test x2y Transformation:Workflow : Executing modelReader:ModelReader...

INFO: modelReader:ModelReader : Loading file 'platform:/resource/de.silvawb.umlClassDiagram2Java.launch/My.uml' to model slot 'input'...

INFO: test x2y Transformation:Workflow : Executing mote2Transformer:Mote2Transformer...

INFO: mote2Transformer:Mote2Transformer : Executing forward transformation...
INFO: mote2Transformer:Mote2Transformer : Initializing TGG engine with rules 'de.silvawb.umlClassDiagram2Java'...
INFO: mote2Transformer:Mote2Transformer : Initializing input models...
INFO: mote2Transformer:Mote2Transformer : Executing transformation...
Unknown kind of notification: de.mdelab.mltgg.mote2.notifications.TransformationStartedNotification@4e17ae5
Unknown kind of notification: de.mdelab.mltgg.mote2.notifications.ExecutingAxiomNotification@6f4b52e3


Executing activity 'umlClassDiagram2JavaAxiom_r1_transform_forward'...
Variable created: __thisRule:org.eclipse.emf.ecore.impl.EClassImpl@653859cb (name: OperationalAxiom) (instanceClassName: null) (abstract: false, interface: false) = de.silvawb.umlClassDiagram2Java.generated.impl.umlClassDiagram2JavaAxiom_r1Impl@7fc92f94 (ruleID: r1)
Variable created: __checkAttributeFormulae:org.eclipse.emf.ecore.impl.EDataTypeImpl@60d1f2c8 (name: EBoolean) (instanceClassName: boolean) (serializable: true) = false
Variable created: uClassDiagram:org.eclipse.emf.ecore.impl.EClassImpl@7152df16 (name: Model) (instanceClassName: null) (abstract: false, interface: false) = org.eclipse.uml2.uml.internal.impl.ModelImpl@3fe8145e (name: uml01, visibility: <unset>) (URI: ) (viewpoint: )


Executing activity node 'null'...
Finished execution of activity node 'null'.
Traversing activity edge from 'null' to 'match LHS'.


Executing activity node 'match LHS'...
Initializing story pattern 'match LHS'...
Initialization finished of story pattern 'match LHS'.
Matching story pattern 'match LHS'...
Could not bind story pattern object 'uClassDiagram'.
Matching failed of story pattern 'match LHS.
Finished execution of activity node 'match LHS'.
Traversing activity edge from 'match LHS' to 'null'.


Executing activity node 'null'...
Finished execution of activity node 'null'.
Evaluating expression 'mote2::operationalTGG::ErrorCodeEnum::AXIOM_NOT_APPLICABLE'...
Evaluated expression 'mote2::operationalTGG::ErrorCodeEnum::AXIOM_NOT_APPLICABLE' to 'AXIOM_NOT_APPLICABLE'.
Evaluating expression 'de.mdelab.mlcallactions.impl.CallActionExpressionImpl@63974421 (uuid: _tRK3I5VrEeWnRPd7PdwsoQ) (ast: null)'...
Evaluated expression 'de.mdelab.mlcallactions.impl.CallActionExpressionImpl@63974421 (uuid: _tRK3I5VrEeWnRPd7PdwsoQ) (ast: null)' to 'null'.
Finished execution of activity 'umlClassDiagram2JavaAxiom_r1_transform_forward'.
Unknown kind of notification: de.mdelab.mltgg.mote2.notifications.AxiomExecutedNotification@5ffa059b
Error during model transformation: Could not apply the axiom
InnerException:
de.mdelab.mltgg.mote2.impl.TransformationException: Could not apply the axiom
	at de.mdelab.mltgg.mote2.workflowComponent.impl.Mote2TransformerImpl.execute(Mote2TransformerImpl.java:1181)
	at de.mdelab.workflow.impl.WorkflowImpl.execute(WorkflowImpl.java:728)
	at de.mdelab.workflow.impl.WorkflowImpl.execute(WorkflowImpl.java:422)
	at de.mdelab.workflow.impl.WorkflowImpl.execute(WorkflowImpl.java:361)
	at de.mdelab.workflow.ui.WorkflowJob.runInWorkspace(WorkflowJob.java:74)
	at org.eclipse.core.internal.resources.InternalWorkspaceJob.run(InternalWorkspaceJob.java:39)
	at org.eclipse.core.internal.jobs.Worker.run(Worker.java:55)

