
INFO: test x2y Transformation:Workflow : Executing workflow test x2y Transformation...
INFO: test x2y Transformation:Workflow : Expanding configuration of components...
INFO: test x2y Transformation:Workflow : Executing components...
INFO: test x2y Transformation:Workflow : Executing modelReader:ModelReader...

INFO: modelReader:ModelReader : Loading file 'platform:/resource/de.silvawb.umlClassDiagram2Java.launch/My.uml' to model slot 'input'...

INFO: test x2y Transformation:Workflow : Executing mote2Transformer:Mote2Transformer...

INFO: mote2Transformer:Mote2Transformer : Executing forward transformation...
INFO: mote2Transformer:Mote2Transformer : Initializing TGG engine with rules 'de.silvawb.umlClassDiagram2Java'...
INFO: mote2Transformer:Mote2Transformer : Initializing input models...
INFO: mote2Transformer:Mote2Transformer : Executing transformation...
Unknown kind of notification: de.mdelab.mltgg.mote2.notifications.TransformationStartedNotification@4419d5ae
Unknown kind of notification: de.mdelab.mltgg.mote2.notifications.ExecutingAxiomNotification@7c1bb56f


Executing activity 'umlClassDiagram2JavaAxiom_r1_transform_forward'...
Variable created: __thisRule:org.eclipse.emf.ecore.impl.EClassImpl@2d5f748f (name: OperationalAxiom) (instanceClassName: null) (abstract: false, interface: false) = de.silvawb.umlClassDiagram2Java.generated.impl.umlClassDiagram2JavaAxiom_r1Impl@4d22684a (ruleID: r1)
Variable created: __checkAttributeFormulae:org.eclipse.emf.ecore.impl.EDataTypeImpl@281bd5fc (name: EBoolean) (instanceClassName: boolean) (serializable: true) = false
Variable created: model:org.eclipse.emf.ecore.impl.EClassImpl@5be6c4df (name: Model) (instanceClassName: null) (abstract: false, interface: false) = org.eclipse.uml2.uml.internal.impl.ModelImpl@4690a0a1 (name: uml01, visibility: <unset>) (URI: ) (viewpoint: )


Executing activity node 'null'...
Finished execution of activity node 'null'.
Traversing activity edge from 'null' to 'match LHS'.


Executing activity node 'match LHS'...
Initializing story pattern 'match LHS'...
Initialization finished of story pattern 'match LHS'.
Matching story pattern 'match LHS'...
Bound story pattern object '__thisRule' to 'de.silvawb.umlClassDiagram2Java.generated.impl.umlClassDiagram2JavaAxiom_r1Impl@4d22684a (ruleID: r1).
Bound story pattern object 'model' to 'org.eclipse.uml2.uml.internal.impl.ModelImpl@4690a0a1 (name: uml01, visibility: <unset>) (URI: ) (viewpoint: ).
Traversing link 'axioms' from '__thisRule' to '__ruleGroup' (__thisRule: de.silvawb.umlClassDiagram2Java.generated.impl.umlClassDiagram2JavaAxiom_r1Impl@4d22684a (ruleID: r1))...
Variable created: __ruleGroup:org.eclipse.emf.ecore.impl.EClassImpl@65ef870c (name: OperationalAxiomGroup) (instanceClassName: null) (abstract: false, interface: false) = de.silvawb.umlClassDiagram2Java.generated.impl.umlClassDiagram2JavaAxiomImpl@6cc69408 (ruleGroupID: umlClassDiagram2JavaAxiom)
Bound story pattern object '__ruleGroup' to 'de.silvawb.umlClassDiagram2Java.generated.impl.umlClassDiagram2JavaAxiomImpl@6cc69408 (ruleGroupID: umlClassDiagram2JavaAxiom).
Traversing link 'operationalAxiomGroup' from '__ruleGroup' to '__opTgg' (__ruleGroup: de.silvawb.umlClassDiagram2Java.generated.impl.umlClassDiagram2JavaAxiomImpl@6cc69408 (ruleGroupID: umlClassDiagram2JavaAxiom))...
Variable created: __opTgg:org.eclipse.emf.ecore.impl.EClassImpl@3e8900f9 (name: OperationalTGG) (instanceClassName: null) (abstract: false, interface: false) = de.silvawb.umlClassDiagram2Java.generated.impl.umlClassDiagram2JavaOperationalTGGImpl@6120d102 (tggID: de.silvawb.umlClassDiagram2Java) (interpreter: de.mdelab.mlsdm.interpreter.eclipse.MLSDMEclipseInterpreter@317a0c1f)
Bound story pattern object '__opTgg' to 'de.silvawb.umlClassDiagram2Java.generated.impl.umlClassDiagram2JavaOperationalTGGImpl@6120d102 (tggID: de.silvawb.umlClassDiagram2Java) (interpreter: de.mdelab.mlsdm.interpreter.eclipse.MLSDMEclipseInterpreter@317a0c1f).
Traversing link 'operationalTGG' from '__opTgg' to '__tggEngine' (__opTgg: de.silvawb.umlClassDiagram2Java.generated.impl.umlClassDiagram2JavaOperationalTGGImpl@6120d102 (tggID: de.silvawb.umlClassDiagram2Java) (interpreter: de.mdelab.mlsdm.interpreter.eclipse.MLSDMEclipseInterpreter@317a0c1f))...
Variable created: __tggEngine:org.eclipse.emf.ecore.impl.EClassImpl@a7dac0a (name: TGGEngine) (instanceClassName: null) (abstract: true, interface: false) = de.mdelab.mltgg.mote.eclipse.MoTE2Eclipse@43b1e099
Link check successful: 'uncoveredLeftElements' from '__tggEngine' to 'model' (source: 'de.mdelab.mltgg.mote.eclipse.MoTE2Eclipse@43b1e099', target: 'org.eclipse.uml2.uml.internal.impl.ModelImpl@4690a0a1 (name: uml01, visibility: <unset>) (URI: ) (viewpoint: )').
Bound story pattern object '__tggEngine' to 'de.mdelab.mltgg.mote.eclipse.MoTE2Eclipse@43b1e099.
Matching successful of story pattern 'match LHS.
Applying story pattern 'match LHS...
Applied story pattern 'match LHS...
Finished execution of activity node 'match LHS'.
Traversing activity edge from 'match LHS' to 'evaluate rule variables'.


Executing activity node 'evaluate rule variables'...
Evaluating expression 'de.mdelab.mlcallactions.impl.CallActionExpressionImpl@6024a2ab (uuid: _vwiJ_pXnEeW97NxX_Hkonw) (ast: null)'...
Evaluated expression 'de.mdelab.mlcallactions.impl.CallActionExpressionImpl@6024a2ab (uuid: _vwiJ_pXnEeW97NxX_Hkonw) (ast: null)' to 'null'.
Finished execution of activity node 'evaluate rule variables'.
Traversing activity edge from 'evaluate rule variables' to 'transform elements'.


Executing activity node 'transform elements'...
Initializing story pattern 'transform elements'...
Initialization finished of story pattern 'transform elements'.
Matching story pattern 'transform elements'...
Bound story pattern object '__thisRule' to 'de.silvawb.umlClassDiagram2Java.generated.impl.umlClassDiagram2JavaAxiom_r1Impl@4d22684a (ruleID: r1).
Bound story pattern object '__tggEngine' to 'de.mdelab.mltgg.mote.eclipse.MoTE2Eclipse@43b1e099.
Bound story pattern object 'model' to 'org.eclipse.uml2.uml.internal.impl.ModelImpl@4690a0a1 (name: uml01, visibility: <unset>) (URI: ) (viewpoint: ).
Link check successful: 'uncoveredLeftElements' from '__tggEngine' to 'model' (source: 'de.mdelab.mltgg.mote.eclipse.MoTE2Eclipse@43b1e099', target: 'org.eclipse.uml2.uml.internal.impl.ModelImpl@4690a0a1 (name: uml01, visibility: <unset>) (URI: ) (viewpoint: )').
Matching successful of story pattern 'transform elements.
Applying story pattern 'transform elements...
Instance link 'uncoveredLeftElements' destroyed from '__tggEngine' to 'model' (__tggEngine: 'de.mdelab.mlstorypatterns.impl.StoryPatternObjectImpl@150e4b76 (uuid: _vwiKC5XnEeW97NxX_Hkonw) (modifier: NONE, matchType: DEFAULT) (name: __tggEngine) (bindingType: BOUND)', model: 'org.eclipse.uml2.uml.internal.impl.ModelImpl@4690a0a1 (name: uml01, visibility: <unset>) (URI: ) (viewpoint: )')
Variable created: corrAxiom:org.eclipse.emf.ecore.impl.EClassImpl@6f4a9d8f (name: CorrAxiom) (instanceClassName: null) (abstract: false, interface: false) = de.silvawb.umlClassDiagram2Java.impl.CorrAxiomImpl@35142e7d
Instance object created for 'corrAxiom': de.silvawb.umlClassDiagram2Java.impl.CorrAxiomImpl@35142e7d
Instance link 'createdBy' created from 'corrAxiom' to '__thisRule' (corrAxiom: 'de.silvawb.umlClassDiagram2Java.impl.CorrAxiomImpl@35142e7d', __thisRule: 'de.silvawb.umlClassDiagram2Java.generated.impl.umlClassDiagram2JavaAxiom_r1Impl@4d22684a (ruleID: r1)')
Instance link 'createdTGGNodes' created from '__thisRule' to 'corrAxiom' (__thisRule: 'de.silvawb.umlClassDiagram2Java.generated.impl.umlClassDiagram2JavaAxiom_r1Impl@4d22684a (ruleID: r1)', corrAxiom: 'de.silvawb.umlClassDiagram2Java.impl.CorrAxiomImpl@35142e7d')
Instance link 'coveredLeftElements' created from '__tggEngine' to 'model' (__tggEngine: 'de.mdelab.mltgg.mote.eclipse.MoTE2Eclipse@43b1e099', model: 'org.eclipse.uml2.uml.internal.impl.ModelImpl@4690a0a1 (name: uml01, visibility: <unset>) (URI: ) (viewpoint: )')
Instance link 'coveredLeftElements' created from '__tggEngine' to 'corrAxiom' (__tggEngine: 'de.mdelab.mltgg.mote.eclipse.MoTE2Eclipse@43b1e099', corrAxiom: 'de.silvawb.umlClassDiagram2Java.impl.CorrAxiomImpl@35142e7d')
Instance link 'tggNodes' created from '__tggEngine' to 'corrAxiom' (__tggEngine: 'de.mdelab.mltgg.mote.eclipse.MoTE2Eclipse@43b1e099', corrAxiom: 'de.silvawb.umlClassDiagram2Java.impl.CorrAxiomImpl@35142e7d')
Variable created: target:org.eclipse.emf.ecore.impl.EClassImpl@15a57fa (name: EmptyModel) (instanceClassName: null) (abstract: false, interface: false) = org.eclipse.emf.ecore.impl.DynamicEObjectImpl@2db339a0 (eClass: org.eclipse.emf.ecore.impl.EClassImpl@15a57fa (name: EmptyModel) (instanceClassName: null) (abstract: false, interface: false))
Instance object created for 'target': org.eclipse.emf.ecore.impl.DynamicEObjectImpl@2db339a0 (eClass: org.eclipse.emf.ecore.impl.EClassImpl@15a57fa (name: EmptyModel) (instanceClassName: null) (abstract: false, interface: false))
Instance link 'rightNodes' created from 'corrAxiom' to 'target' (corrAxiom: 'de.silvawb.umlClassDiagram2Java.impl.CorrAxiomImpl@35142e7d', target: 'org.eclipse.emf.ecore.impl.DynamicEObjectImpl@2db339a0 (eClass: org.eclipse.emf.ecore.impl.EClassImpl@15a57fa (name: EmptyModel) (instanceClassName: null) (abstract: false, interface: false))')
Instance link 'leftNodes' created from 'corrAxiom' to 'model' (corrAxiom: 'de.silvawb.umlClassDiagram2Java.impl.CorrAxiomImpl@35142e7d', model: 'org.eclipse.uml2.uml.internal.impl.ModelImpl@4690a0a1 (name: uml01, visibility: <unset>) (URI: ) (viewpoint: )')
Instance link 'coveredRightElements' created from '__tggEngine' to 'target' (__tggEngine: 'de.mdelab.mltgg.mote.eclipse.MoTE2Eclipse@43b1e099', target: 'org.eclipse.emf.ecore.impl.DynamicEObjectImpl@2db339a0 (eClass: org.eclipse.emf.ecore.impl.EClassImpl@15a57fa (name: EmptyModel) (instanceClassName: null) (abstract: false, interface: false))')
Instance link 'coveredRightElements' created from '__tggEngine' to 'corrAxiom' (__tggEngine: 'de.mdelab.mltgg.mote.eclipse.MoTE2Eclipse@43b1e099', corrAxiom: 'de.silvawb.umlClassDiagram2Java.impl.CorrAxiomImpl@35142e7d')
Applied story pattern 'transform elements...
Finished execution of activity node 'transform elements'.
Traversing activity edge from 'transform elements' to 'register covered links and inverse links'.


Executing activity node 'register covered links and inverse links'...
Evaluating expression 'de.mdelab.mlcallactions.impl.CallActionExpressionImpl@528a6383 (uuid: _vwiKEJXnEeW97NxX_Hkonw) (ast: null)'...
Evaluated expression 'de.mdelab.mlcallactions.impl.CallActionExpressionImpl@528a6383 (uuid: _vwiKEJXnEeW97NxX_Hkonw) (ast: null)' to 'true'.
Finished execution of activity node 'register covered links and inverse links'.
Traversing activity edge from 'register covered links and inverse links' to 'null'.


Executing activity node 'null'...
Evaluating expression 'de.mdelab.mlcallactions.impl.CallActionExpressionImpl@7930ce23 (uuid: _vwiJ6ZXnEeW97NxX_Hkonw) (ast: null)'...
Evaluated expression 'de.mdelab.mlcallactions.impl.CallActionExpressionImpl@7930ce23 (uuid: _vwiJ6ZXnEeW97NxX_Hkonw) (ast: null)' to 'false'.
Finished execution of activity node 'null'.
Traversing activity edge from 'null' to 'null'.


Executing activity node 'null'...
Finished execution of activity node 'null'.
Traversing activity edge from 'null' to 'add TGGNode to transformation queue'.


Executing activity node 'add TGGNode to transformation queue'...
Evaluating expression '__tggEngine.forwardTransformationQueue.add(corrAxiom, false)'...
Evaluated expression '__tggEngine.forwardTransformationQueue.add(corrAxiom, false)' to 'null'.
Finished execution of activity node 'add TGGNode to transformation queue'.
Traversing activity edge from 'add TGGNode to transformation queue' to 'null'.


Executing activity node 'null'...
Finished execution of activity node 'null'.
Evaluating expression 'mote2::operationalTGG::ErrorCodeEnum::OK'...
Evaluated expression 'mote2::operationalTGG::ErrorCodeEnum::OK' to 'OK'.
Evaluating expression 'de.mdelab.mlcallactions.impl.CallActionExpressionImpl@500f7320 (uuid: _vwiw95XnEeW97NxX_Hkonw) (ast: null)'...
Evaluated expression 'de.mdelab.mlcallactions.impl.CallActionExpressionImpl@500f7320 (uuid: _vwiw95XnEeW97NxX_Hkonw) (ast: null)' to 'org.eclipse.emf.ecore.impl.DynamicEObjectImpl@2db339a0 (eClass: org.eclipse.emf.ecore.impl.EClassImpl@15a57fa (name: EmptyModel) (instanceClassName: null) (abstract: false, interface: false))'.
Finished execution of activity 'umlClassDiagram2JavaAxiom_r1_transform_forward'.
Unknown kind of notification: de.mdelab.mltgg.mote2.notifications.AxiomExecutedNotification@46d08eab
Executing rule 'umlPackage2JavaPackage_r2' with input TGG node 'de.silvawb.umlClassDiagram2Java.impl.CorrAxiomImpl@35142e7d'...


Executing activity 'umlPackage2JavaPackage_r2_transform_forward'...
Variable created: __thisRule:org.eclipse.emf.ecore.impl.EClassImpl@1292aa06 (name: OperationalRule) (instanceClassName: null) (abstract: false, interface: false) = de.silvawb.umlClassDiagram2Java.generated.impl.umlPackage2JavaPackage_r2Impl@6c59fcfd (ruleID: r2)
Variable created: __checkAttributeFormulae:org.eclipse.emf.ecore.impl.EDataTypeImpl@281bd5fc (name: EBoolean) (instanceClassName: boolean) (serializable: true) = false
Variable created: __inputTggNode:org.eclipse.emf.ecore.impl.EClassImpl@24828ce8 (name: TGGNode) (instanceClassName: null) (abstract: false, interface: false) = de.silvawb.umlClassDiagram2Java.impl.CorrAxiomImpl@35142e7d
Variable created: __considerAllLhsCorrNodes:org.eclipse.emf.ecore.impl.EDataTypeImpl@281bd5fc (name: EBoolean) (instanceClassName: boolean) (serializable: true) = false


Executing activity node 'null'...
Finished execution of activity node 'null'.
Traversing activity edge from 'null' to 'match TGG engine'.


Executing activity node 'match TGG engine'...
Initializing story pattern 'match TGG engine'...
Initialization finished of story pattern 'match TGG engine'.
Matching story pattern 'match TGG engine'...
Bound story pattern object '__thisRule' to 'de.silvawb.umlClassDiagram2Java.generated.impl.umlPackage2JavaPackage_r2Impl@6c59fcfd (ruleID: r2).
Traversing link 'rules' from '__thisRule' to '__ruleGroup' (__thisRule: de.silvawb.umlClassDiagram2Java.generated.impl.umlPackage2JavaPackage_r2Impl@6c59fcfd (ruleID: r2))...
Variable created: __ruleGroup:org.eclipse.emf.ecore.impl.EClassImpl@4c86ff83 (name: OperationalRuleGroup) (instanceClassName: null) (abstract: false, interface: false) = de.silvawb.umlClassDiagram2Java.generated.impl.umlPackage2JavaPackageImpl@115f8c3d (ruleGroupID: umlPackage2JavaPackage)
Bound story pattern object '__ruleGroup' to 'de.silvawb.umlClassDiagram2Java.generated.impl.umlPackage2JavaPackageImpl@115f8c3d (ruleGroupID: umlPackage2JavaPackage).
Traversing link 'operationalRuleGroups' from '__ruleGroup' to '__opTgg' (__ruleGroup: de.silvawb.umlClassDiagram2Java.generated.impl.umlPackage2JavaPackageImpl@115f8c3d (ruleGroupID: umlPackage2JavaPackage))...
Variable created: __opTgg:org.eclipse.emf.ecore.impl.EClassImpl@3e8900f9 (name: OperationalTGG) (instanceClassName: null) (abstract: false, interface: false) = de.silvawb.umlClassDiagram2Java.generated.impl.umlClassDiagram2JavaOperationalTGGImpl@6120d102 (tggID: de.silvawb.umlClassDiagram2Java) (interpreter: de.mdelab.mlsdm.interpreter.eclipse.MLSDMEclipseInterpreter@317a0c1f)
Bound story pattern object '__opTgg' to 'de.silvawb.umlClassDiagram2Java.generated.impl.umlClassDiagram2JavaOperationalTGGImpl@6120d102 (tggID: de.silvawb.umlClassDiagram2Java) (interpreter: de.mdelab.mlsdm.interpreter.eclipse.MLSDMEclipseInterpreter@317a0c1f).
Traversing link 'operationalTGG' from '__opTgg' to '__tggEngine' (__opTgg: de.silvawb.umlClassDiagram2Java.generated.impl.umlClassDiagram2JavaOperationalTGGImpl@6120d102 (tggID: de.silvawb.umlClassDiagram2Java) (interpreter: de.mdelab.mlsdm.interpreter.eclipse.MLSDMEclipseInterpreter@317a0c1f))...
Variable created: __tggEngine:org.eclipse.emf.ecore.impl.EClassImpl@a7dac0a (name: TGGEngine) (instanceClassName: null) (abstract: true, interface: false) = de.mdelab.mltgg.mote.eclipse.MoTE2Eclipse@43b1e099
Bound story pattern object '__tggEngine' to 'de.mdelab.mltgg.mote.eclipse.MoTE2Eclipse@43b1e099.
Matching successful of story pattern 'match TGG engine.
Applying story pattern 'match TGG engine...
Applied story pattern 'match TGG engine...
Finished execution of activity node 'match TGG engine'.
Traversing activity edge from 'match TGG engine' to 'match LHS starting from 'corrAxiom''.


Executing activity node 'match LHS starting from 'corrAxiom''...
Initializing story pattern 'match LHS starting from 'corrAxiom''...
Initialization finished of story pattern 'match LHS starting from 'corrAxiom''.
Matching story pattern 'match LHS starting from 'corrAxiom''...
Bound story pattern object '__tggEngine' to 'de.mdelab.mltgg.mote.eclipse.MoTE2Eclipse@43b1e099.
Evaluating expression 'de.mdelab.mlcallactions.impl.CallActionExpressionImpl@7ab5bd6e (uuid: _vxyHEJXnEeW97NxX_Hkonw) (ast: null)'...
Evaluated expression 'de.mdelab.mlcallactions.impl.CallActionExpressionImpl@7ab5bd6e (uuid: _vxyHEJXnEeW97NxX_Hkonw) (ast: null)' to 'de.silvawb.umlClassDiagram2Java.impl.CorrAxiomImpl@35142e7d'.
Variable created: corrAxiom:org.eclipse.emf.ecore.impl.EClassImpl@6f4a9d8f (name: CorrAxiom) (instanceClassName: null) (abstract: false, interface: false) = de.silvawb.umlClassDiagram2Java.impl.CorrAxiomImpl@35142e7d
Bound story pattern object 'corrAxiom' to 'de.silvawb.umlClassDiagram2Java.impl.CorrAxiomImpl@35142e7d.
Traversing link 'uncoveredLeftElements' from '__tggEngine' to 'uPackage' (__tggEngine: de.mdelab.mltgg.mote.eclipse.MoTE2Eclipse@43b1e099)...
Variable created: uPackage:org.eclipse.emf.ecore.impl.EClassImpl@1da4ae4e (name: Package) (instanceClassName: null) (abstract: false, interface: false) = org.eclipse.uml2.uml.internal.impl.PackageImpl@4121ce38 (name: p01, visibility: <unset>) (URI: null)
Bound story pattern object 'uPackage' to 'org.eclipse.uml2.uml.internal.impl.PackageImpl@4121ce38 (name: p01, visibility: <unset>) (URI: null).
Traversing link 'coveredRightElements' from '__tggEngine' to 'target' (__tggEngine: de.mdelab.mltgg.mote.eclipse.MoTE2Eclipse@43b1e099)...
Variable created: target:org.eclipse.emf.ecore.impl.EClassImpl@15a57fa (name: EmptyModel) (instanceClassName: null) (abstract: false, interface: false) = org.eclipse.emf.ecore.impl.DynamicEObjectImpl@2db339a0 (eClass: org.eclipse.emf.ecore.impl.EClassImpl@15a57fa (name: EmptyModel) (instanceClassName: null) (abstract: false, interface: false))
Link check successful: 'rightNodes' from 'corrAxiom' to 'target' (source: 'de.silvawb.umlClassDiagram2Java.impl.CorrAxiomImpl@35142e7d', target: 'org.eclipse.emf.ecore.impl.DynamicEObjectImpl@2db339a0 (eClass: org.eclipse.emf.ecore.impl.EClassImpl@15a57fa (name: EmptyModel) (instanceClassName: null) (abstract: false, interface: false))').
Bound story pattern object 'target' to 'org.eclipse.emf.ecore.impl.DynamicEObjectImpl@2db339a0 (eClass: org.eclipse.emf.ecore.impl.EClassImpl@15a57fa (name: EmptyModel) (instanceClassName: null) (abstract: false, interface: false)).
Traversing link 'leftNodes' from 'corrAxiom' to 'model' (corrAxiom: de.silvawb.umlClassDiagram2Java.impl.CorrAxiomImpl@35142e7d)...
Variable created: model:org.eclipse.emf.ecore.impl.EClassImpl@5be6c4df (name: Model) (instanceClassName: null) (abstract: false, interface: false) = org.eclipse.uml2.uml.internal.impl.ModelImpl@4690a0a1 (name: uml01, visibility: <unset>) (URI: ) (viewpoint: )
Link check successful: 'coveredLeftElements' from '__tggEngine' to 'model' (source: 'de.mdelab.mltgg.mote.eclipse.MoTE2Eclipse@43b1e099', target: 'org.eclipse.uml2.uml.internal.impl.ModelImpl@4690a0a1 (name: uml01, visibility: <unset>) (URI: ) (viewpoint: )').
Link check successful: 'coveredLeftElements' from '__tggEngine' to 'corrAxiom' (source: 'de.mdelab.mltgg.mote.eclipse.MoTE2Eclipse@43b1e099', target: 'de.silvawb.umlClassDiagram2Java.impl.CorrAxiomImpl@35142e7d').
Bound story pattern object 'model' to 'org.eclipse.uml2.uml.internal.impl.ModelImpl@4690a0a1 (name: uml01, visibility: <unset>) (URI: ) (viewpoint: ).
Matching successful of story pattern 'match LHS starting from 'corrAxiom'.
Applying story pattern 'match LHS starting from 'corrAxiom'...
Applied story pattern 'match LHS starting from 'corrAxiom'...
Finished execution of activity node 'match LHS starting from 'corrAxiom''.
Traversing activity edge from 'match LHS starting from 'corrAxiom'' to 'null'.


Executing activity node 'null'...
Finished execution of activity node 'null'.
Traversing activity edge from 'null' to 'evaluate rule variables'.


Executing activity node 'evaluate rule variables'...
Evaluating expression 'de.mdelab.mlcallactions.impl.CallActionExpressionImpl@25adddda (uuid: _vxyHJpXnEeW97NxX_Hkonw) (ast: null)'...
Evaluated expression 'de.mdelab.mlcallactions.impl.CallActionExpressionImpl@25adddda (uuid: _vxyHJpXnEeW97NxX_Hkonw) (ast: null)' to 'null'.
Finished execution of activity node 'evaluate rule variables'.
Traversing activity edge from 'evaluate rule variables' to 'check LHS attribute values'.


Executing activity node 'check LHS attribute values'...
Initializing story pattern 'check LHS attribute values'...
Initialization finished of story pattern 'check LHS attribute values'.
Matching story pattern 'check LHS attribute values'...
Bound story pattern object '__thisRule' to 'de.silvawb.umlClassDiagram2Java.generated.impl.umlPackage2JavaPackage_r2Impl@6c59fcfd (ruleID: r2).
Matching successful of story pattern 'check LHS attribute values.
Applying story pattern 'check LHS attribute values...
Applied story pattern 'check LHS attribute values...
Finished execution of activity node 'check LHS attribute values'.
Traversing activity edge from 'check LHS attribute values' to 'transform elements'.


Executing activity node 'transform elements'...
Initializing story pattern 'transform elements'...
Initialization finished of story pattern 'transform elements'.
Matching story pattern 'transform elements'...
Bound story pattern object '__tggEngine' to 'de.mdelab.mltgg.mote.eclipse.MoTE2Eclipse@43b1e099.
Bound story pattern object 'model' to 'org.eclipse.uml2.uml.internal.impl.ModelImpl@4690a0a1 (name: uml01, visibility: <unset>) (URI: ) (viewpoint: ).
Bound story pattern object '__thisRule' to 'de.silvawb.umlClassDiagram2Java.generated.impl.umlPackage2JavaPackage_r2Impl@6c59fcfd (ruleID: r2).
Bound story pattern object 'uPackage' to 'org.eclipse.uml2.uml.internal.impl.PackageImpl@4121ce38 (name: p01, visibility: <unset>) (URI: null).
Bound story pattern object 'corrAxiom' to 'de.silvawb.umlClassDiagram2Java.impl.CorrAxiomImpl@35142e7d.
Bound story pattern object 'target' to 'org.eclipse.emf.ecore.impl.DynamicEObjectImpl@2db339a0 (eClass: org.eclipse.emf.ecore.impl.EClassImpl@15a57fa (name: EmptyModel) (instanceClassName: null) (abstract: false, interface: false)).
Link check successful: 'uncoveredLeftElements' from '__tggEngine' to 'uPackage' (source: 'de.mdelab.mltgg.mote.eclipse.MoTE2Eclipse@43b1e099', target: 'org.eclipse.uml2.uml.internal.impl.PackageImpl@4121ce38 (name: p01, visibility: <unset>) (URI: null)').
Matching successful of story pattern 'transform elements.
Applying story pattern 'transform elements...
Instance link 'uncoveredLeftElements' destroyed from '__tggEngine' to 'uPackage' (__tggEngine: 'de.mdelab.mlstorypatterns.impl.StoryPatternObjectImpl@ed927c0 (uuid: _vxyHN5XnEeW97NxX_Hkonw) (modifier: NONE, matchType: DEFAULT) (name: __tggEngine) (bindingType: BOUND)', uPackage: 'org.eclipse.uml2.uml.internal.impl.PackageImpl@4121ce38 (name: p01, visibility: <unset>) (URI: null)')
Variable created: uPackage2JPackage:org.eclipse.emf.ecore.impl.EClassImpl@bae505e (name: CorrRule) (instanceClassName: null) (abstract: false, interface: false) = de.silvawb.umlClassDiagram2Java.impl.CorrRuleImpl@69599108
Instance object created for 'uPackage2JPackage': de.silvawb.umlClassDiagram2Java.impl.CorrRuleImpl@69599108
Instance link 'coveredLeftElements' created from '__tggEngine' to 'uPackage' (__tggEngine: 'de.mdelab.mltgg.mote.eclipse.MoTE2Eclipse@43b1e099', uPackage: 'org.eclipse.uml2.uml.internal.impl.PackageImpl@4121ce38 (name: p01, visibility: <unset>) (URI: null)')
Instance link 'coveredLeftElements' created from '__tggEngine' to 'uPackage2JPackage' (__tggEngine: 'de.mdelab.mltgg.mote.eclipse.MoTE2Eclipse@43b1e099', uPackage2JPackage: 'de.silvawb.umlClassDiagram2Java.impl.CorrRuleImpl@69599108')
Instance link 'createdBy' created from 'uPackage2JPackage' to '__thisRule' (uPackage2JPackage: 'de.silvawb.umlClassDiagram2Java.impl.CorrRuleImpl@69599108', __thisRule: 'de.silvawb.umlClassDiagram2Java.generated.impl.umlPackage2JavaPackage_r2Impl@6c59fcfd (ruleID: r2)')
Variable created: jPackage:org.eclipse.emf.ecore.impl.EClassImpl@686a8598 (name: Package) (instanceClassName: null) (abstract: false, interface: false) = org.eclipse.emf.ecore.impl.DynamicEObjectImpl@7740da40 (eClass: org.eclipse.emf.ecore.impl.EClassImpl@686a8598 (name: Package) (instanceClassName: null) (abstract: false, interface: false))
Instance object created for 'jPackage': org.eclipse.emf.ecore.impl.DynamicEObjectImpl@7740da40 (eClass: org.eclipse.emf.ecore.impl.EClassImpl@686a8598 (name: Package) (instanceClassName: null) (abstract: false, interface: false))
Instance link 'coveredRightElements' created from '__tggEngine' to 'jPackage' (__tggEngine: 'de.mdelab.mltgg.mote.eclipse.MoTE2Eclipse@43b1e099', jPackage: 'org.eclipse.emf.ecore.impl.DynamicEObjectImpl@7740da40 (eClass: org.eclipse.emf.ecore.impl.EClassImpl@686a8598 (name: Package) (instanceClassName: null) (abstract: false, interface: false))')
Instance link 'coveredRightElements' created from '__tggEngine' to 'uPackage2JPackage' (__tggEngine: 'de.mdelab.mltgg.mote.eclipse.MoTE2Eclipse@43b1e099', uPackage2JPackage: 'de.silvawb.umlClassDiagram2Java.impl.CorrRuleImpl@69599108')
Instance link 'tggNodes' created from '__tggEngine' to 'uPackage2JPackage' (__tggEngine: 'de.mdelab.mltgg.mote.eclipse.MoTE2Eclipse@43b1e099', uPackage2JPackage: 'de.silvawb.umlClassDiagram2Java.impl.CorrRuleImpl@69599108')
Instance link 'rightNodes' created from 'uPackage2JPackage' to 'jPackage' (uPackage2JPackage: 'de.silvawb.umlClassDiagram2Java.impl.CorrRuleImpl@69599108', jPackage: 'org.eclipse.emf.ecore.impl.DynamicEObjectImpl@7740da40 (eClass: org.eclipse.emf.ecore.impl.EClassImpl@686a8598 (name: Package) (instanceClassName: null) (abstract: false, interface: false))')
Instance link 'createdTGGNodes' created from '__thisRule' to 'uPackage2JPackage' (__thisRule: 'de.silvawb.umlClassDiagram2Java.generated.impl.umlPackage2JavaPackage_r2Impl@6c59fcfd (ruleID: r2)', uPackage2JPackage: 'de.silvawb.umlClassDiagram2Java.impl.CorrRuleImpl@69599108')
Instance link 'next' created from 'corrAxiom' to 'uPackage2JPackage' (corrAxiom: 'de.silvawb.umlClassDiagram2Java.impl.CorrAxiomImpl@35142e7d', uPackage2JPackage: 'de.silvawb.umlClassDiagram2Java.impl.CorrRuleImpl@69599108')
Instance link 'leftNodes' created from 'uPackage2JPackage' to 'uPackage' (uPackage2JPackage: 'de.silvawb.umlClassDiagram2Java.impl.CorrRuleImpl@69599108', uPackage: 'org.eclipse.uml2.uml.internal.impl.PackageImpl@4121ce38 (name: p01, visibility: <unset>) (URI: null)')
Applied story pattern 'transform elements...
Finished execution of activity node 'transform elements'.
Traversing activity edge from 'transform elements' to 'register covered links and inverse links'.


Executing activity node 'register covered links and inverse links'...
Evaluating expression 'de.mdelab.mlcallactions.impl.CallActionExpressionImpl@76afa8de (uuid: _vxyHP5XnEeW97NxX_Hkonw) (ast: null)'...
Evaluated expression 'de.mdelab.mlcallactions.impl.CallActionExpressionImpl@76afa8de (uuid: _vxyHP5XnEeW97NxX_Hkonw) (ast: null)' to 'true'.
Finished execution of activity node 'register covered links and inverse links'.
Traversing activity edge from 'register covered links and inverse links' to 'null'.


Executing activity node 'null'...
Evaluating expression 'de.mdelab.mlcallactions.impl.CallActionExpressionImpl@20d0de6f (uuid: _vxyHHJXnEeW97NxX_Hkonw) (ast: null)'...
Evaluated expression 'de.mdelab.mlcallactions.impl.CallActionExpressionImpl@20d0de6f (uuid: _vxyHHJXnEeW97NxX_Hkonw) (ast: null)' to 'false'.
Finished execution of activity node 'null'.
Traversing activity edge from 'null' to 'null'.


Executing activity node 'null'...
Finished execution of activity node 'null'.
Traversing activity edge from 'null' to 'add TGGNode to transformation queue'.


Executing activity node 'add TGGNode to transformation queue'...
Evaluating expression '__tggEngine.forwardTransformationQueue.add(uPackage2JPackage, false)'...
Evaluated expression '__tggEngine.forwardTransformationQueue.add(uPackage2JPackage, false)' to 'null'.
Finished execution of activity node 'add TGGNode to transformation queue'.
Traversing activity edge from 'add TGGNode to transformation queue' to 'match LHS starting from 'corrAxiom''.


Executing activity node 'match LHS starting from 'corrAxiom''...
Matching story pattern 'match LHS starting from 'corrAxiom''...
Binding revoked for story pattern object 'model', was bound to 'org.eclipse.uml2.uml.internal.impl.ModelImpl@4690a0a1 (name: uml01, visibility: <unset>) (URI: ) (viewpoint: ).
Link check failed: 'uncoveredLeftElements' from '__tggEngine' to 'uPackage' (source: 'de.mdelab.mltgg.mote.eclipse.MoTE2Eclipse@43b1e099', target: 'org.eclipse.uml2.uml.internal.impl.PackageImpl@4121ce38 (name: p01, visibility: <unset>) (URI: null)').
Binding revoked for story pattern object 'target', was bound to 'org.eclipse.emf.ecore.impl.DynamicEObjectImpl@2db339a0 (eClass: org.eclipse.emf.ecore.impl.EClassImpl@15a57fa (name: EmptyModel) (instanceClassName: null) (abstract: false, interface: false)).
Binding revoked for story pattern object 'uPackage', was bound to 'org.eclipse.uml2.uml.internal.impl.PackageImpl@4121ce38 (name: p01, visibility: <unset>) (URI: null).
Traversing link 'uncoveredLeftElements' from '__tggEngine' to 'uPackage' (__tggEngine: de.mdelab.mltgg.mote.eclipse.MoTE2Eclipse@43b1e099)...
Could not bind story pattern object 'uPackage'.
Binding revoked for story pattern object 'corrAxiom', was bound to 'de.silvawb.umlClassDiagram2Java.impl.CorrAxiomImpl@35142e7d.
Binding revoked for story pattern object '__tggEngine', was bound to 'de.mdelab.mltgg.mote.eclipse.MoTE2Eclipse@43b1e099.
Matching failed of story pattern 'match LHS starting from 'corrAxiom'.
Finished execution of activity node 'match LHS starting from 'corrAxiom''.
Traversing activity edge from 'match LHS starting from 'corrAxiom'' to 'null'.


Executing activity node 'null'...
Evaluating expression '__considerAllLhsCorrNodes'...
Evaluated expression '__considerAllLhsCorrNodes' to 'false'.
Finished execution of activity node 'null'.
Traversing activity edge from 'null' to 'null'.


Executing activity node 'null'...
Finished execution of activity node 'null'.
Evaluating expression 'mote2::operationalTGG::ErrorCodeEnum::OK'...
Evaluated expression 'mote2::operationalTGG::ErrorCodeEnum::OK' to 'OK'.
Finished execution of activity 'umlPackage2JavaPackage_r2_transform_forward'.
Executed rule 'umlPackage2JavaPackage_r2' with input TGG node 'de.silvawb.umlClassDiagram2Java.impl.CorrAxiomImpl@35142e7d'.
Executing rule 'umlPackage2JavaPackage_r2' with input TGG node 'de.silvawb.umlClassDiagram2Java.impl.CorrRuleImpl@69599108'...


Executing activity 'umlPackage2JavaPackage_r2_transform_forward'...
Variable created: __thisRule:org.eclipse.emf.ecore.impl.EClassImpl@1292aa06 (name: OperationalRule) (instanceClassName: null) (abstract: false, interface: false) = de.silvawb.umlClassDiagram2Java.generated.impl.umlPackage2JavaPackage_r2Impl@6c59fcfd (ruleID: r2)
Variable created: __checkAttributeFormulae:org.eclipse.emf.ecore.impl.EDataTypeImpl@281bd5fc (name: EBoolean) (instanceClassName: boolean) (serializable: true) = false
Variable created: __inputTggNode:org.eclipse.emf.ecore.impl.EClassImpl@24828ce8 (name: TGGNode) (instanceClassName: null) (abstract: false, interface: false) = de.silvawb.umlClassDiagram2Java.impl.CorrRuleImpl@69599108
Variable created: __considerAllLhsCorrNodes:org.eclipse.emf.ecore.impl.EDataTypeImpl@281bd5fc (name: EBoolean) (instanceClassName: boolean) (serializable: true) = false


Executing activity node 'null'...
Finished execution of activity node 'null'.
Traversing activity edge from 'null' to 'match TGG engine'.


Executing activity node 'match TGG engine'...
Initializing story pattern 'match TGG engine'...
Initialization finished of story pattern 'match TGG engine'.
Matching story pattern 'match TGG engine'...
Bound story pattern object '__thisRule' to 'de.silvawb.umlClassDiagram2Java.generated.impl.umlPackage2JavaPackage_r2Impl@6c59fcfd (ruleID: r2).
Traversing link 'rules' from '__thisRule' to '__ruleGroup' (__thisRule: de.silvawb.umlClassDiagram2Java.generated.impl.umlPackage2JavaPackage_r2Impl@6c59fcfd (ruleID: r2))...
Variable created: __ruleGroup:org.eclipse.emf.ecore.impl.EClassImpl@4c86ff83 (name: OperationalRuleGroup) (instanceClassName: null) (abstract: false, interface: false) = de.silvawb.umlClassDiagram2Java.generated.impl.umlPackage2JavaPackageImpl@115f8c3d (ruleGroupID: umlPackage2JavaPackage)
Bound story pattern object '__ruleGroup' to 'de.silvawb.umlClassDiagram2Java.generated.impl.umlPackage2JavaPackageImpl@115f8c3d (ruleGroupID: umlPackage2JavaPackage).
Traversing link 'operationalRuleGroups' from '__ruleGroup' to '__opTgg' (__ruleGroup: de.silvawb.umlClassDiagram2Java.generated.impl.umlPackage2JavaPackageImpl@115f8c3d (ruleGroupID: umlPackage2JavaPackage))...
Variable created: __opTgg:org.eclipse.emf.ecore.impl.EClassImpl@3e8900f9 (name: OperationalTGG) (instanceClassName: null) (abstract: false, interface: false) = de.silvawb.umlClassDiagram2Java.generated.impl.umlClassDiagram2JavaOperationalTGGImpl@6120d102 (tggID: de.silvawb.umlClassDiagram2Java) (interpreter: de.mdelab.mlsdm.interpreter.eclipse.MLSDMEclipseInterpreter@317a0c1f)
Bound story pattern object '__opTgg' to 'de.silvawb.umlClassDiagram2Java.generated.impl.umlClassDiagram2JavaOperationalTGGImpl@6120d102 (tggID: de.silvawb.umlClassDiagram2Java) (interpreter: de.mdelab.mlsdm.interpreter.eclipse.MLSDMEclipseInterpreter@317a0c1f).
Traversing link 'operationalTGG' from '__opTgg' to '__tggEngine' (__opTgg: de.silvawb.umlClassDiagram2Java.generated.impl.umlClassDiagram2JavaOperationalTGGImpl@6120d102 (tggID: de.silvawb.umlClassDiagram2Java) (interpreter: de.mdelab.mlsdm.interpreter.eclipse.MLSDMEclipseInterpreter@317a0c1f))...
Variable created: __tggEngine:org.eclipse.emf.ecore.impl.EClassImpl@a7dac0a (name: TGGEngine) (instanceClassName: null) (abstract: true, interface: false) = de.mdelab.mltgg.mote.eclipse.MoTE2Eclipse@43b1e099
Bound story pattern object '__tggEngine' to 'de.mdelab.mltgg.mote.eclipse.MoTE2Eclipse@43b1e099.
Matching successful of story pattern 'match TGG engine.
Applying story pattern 'match TGG engine...
Applied story pattern 'match TGG engine...
Finished execution of activity node 'match TGG engine'.
Traversing activity edge from 'match TGG engine' to 'match LHS starting from 'corrAxiom''.


Executing activity node 'match LHS starting from 'corrAxiom''...
Initializing story pattern 'match LHS starting from 'corrAxiom''...
Initialization finished of story pattern 'match LHS starting from 'corrAxiom''.
Matching story pattern 'match LHS starting from 'corrAxiom''...
Bound story pattern object '__tggEngine' to 'de.mdelab.mltgg.mote.eclipse.MoTE2Eclipse@43b1e099.
Evaluating expression 'de.mdelab.mlcallactions.impl.CallActionExpressionImpl@7ab5bd6e (uuid: _vxyHEJXnEeW97NxX_Hkonw) (ast: null)'...
Evaluated expression 'de.mdelab.mlcallactions.impl.CallActionExpressionImpl@7ab5bd6e (uuid: _vxyHEJXnEeW97NxX_Hkonw) (ast: null)' to 'de.silvawb.umlClassDiagram2Java.impl.CorrRuleImpl@69599108'.
Variable created: corrAxiom:org.eclipse.emf.ecore.impl.EClassImpl@6f4a9d8f (name: CorrAxiom) (instanceClassName: null) (abstract: false, interface: false) = de.silvawb.umlClassDiagram2Java.impl.CorrRuleImpl@69599108
Could not bind story pattern object 'corrAxiom'.
Matching failed of story pattern 'match LHS starting from 'corrAxiom'.
Finished execution of activity node 'match LHS starting from 'corrAxiom''.
Traversing activity edge from 'match LHS starting from 'corrAxiom'' to 'null'.


Executing activity node 'null'...
Evaluating expression '__considerAllLhsCorrNodes'...
Evaluated expression '__considerAllLhsCorrNodes' to 'false'.
Finished execution of activity node 'null'.
Traversing activity edge from 'null' to 'null'.


Executing activity node 'null'...
Finished execution of activity node 'null'.
Evaluating expression 'mote2::operationalTGG::ErrorCodeEnum::OK'...
Evaluated expression 'mote2::operationalTGG::ErrorCodeEnum::OK' to 'OK'.
Finished execution of activity 'umlPackage2JavaPackage_r2_transform_forward'.
Executed rule 'umlPackage2JavaPackage_r2' with input TGG node 'de.silvawb.umlClassDiagram2Java.impl.CorrRuleImpl@69599108'.
Unknown kind of notification: de.mdelab.mltgg.mote2.notifications.TransformationFinishedNotification@3dc92d5c
INFO: mote2Transformer:Mote2Transformer : Transformation successful.

INFO: test x2y Transformation:Workflow : Executing modelWriter:ModelWriter...

INFO: modelWriter:ModelWriter : Saving model slot 'output' to 'platform:/resource/de.silvawb.umlClassDiagram2Java.launch/My02.emfjava'...

INFO: test x2y Transformation:Workflow : Execution finished in 211 ms.

