
INFO: test x2y Transformation:Workflow : Executing workflow test x2y Transformation...
INFO: test x2y Transformation:Workflow : Expanding configuration of components...
INFO: test x2y Transformation:Workflow : Executing components...
INFO: test x2y Transformation:Workflow : Executing modelReader:ModelReader...

INFO: modelReader:ModelReader : Loading file 'platform:/resource/de.silvawb.uml2blocky.launch/My.uml' to model slot 'input'...

INFO: test x2y Transformation:Workflow : Executing mote2Transformer:Mote2Transformer...

INFO: mote2Transformer:Mote2Transformer : Executing forward transformation...
INFO: mote2Transformer:Mote2Transformer : Initializing TGG engine with rules 'de.silvawb.uml2blocky'...
INFO: mote2Transformer:Mote2Transformer : Initializing input models...
INFO: mote2Transformer:Mote2Transformer : Executing transformation...
Unknown kind of notification: de.mdelab.mltgg.mote2.notifications.TransformationStartedNotification@55f7a3b
Unknown kind of notification: de.mdelab.mltgg.mote2.notifications.ExecutingAxiomNotification@3f51ba3e


Executing activity 'uml2blockyAxiom_r1_transform_forward'...
Variable created: __thisRule:org.eclipse.emf.ecore.impl.EClassImpl@2d5f748f (name: OperationalAxiom) (instanceClassName: null) (abstract: false, interface: false) = de.silvawb.uml2blocky.generated.impl.uml2blockyAxiom_r1Impl@533ce87d (ruleID: r1)
Variable created: __checkAttributeFormulae:org.eclipse.emf.ecore.impl.EDataTypeImpl@281bd5fc (name: EBoolean) (instanceClassName: boolean) (serializable: true) = false
Variable created: model:org.eclipse.emf.ecore.impl.EClassImpl@5be6c4df (name: Model) (instanceClassName: null) (abstract: false, interface: false) = org.eclipse.uml2.uml.internal.impl.ModelImpl@6a1c6a9f (name: uml01, visibility: <unset>) (URI: ) (viewpoint: )


Executing activity node 'null'...
Finished execution of activity node 'null'.
Traversing activity edge from 'null' to 'match LHS'.


Executing activity node 'match LHS'...
Initializing story pattern 'match LHS'...
Initialization finished of story pattern 'match LHS'.
Matching story pattern 'match LHS'...
Bound story pattern object 'model' to 'org.eclipse.uml2.uml.internal.impl.ModelImpl@6a1c6a9f (name: uml01, visibility: <unset>) (URI: ) (viewpoint: ).
Bound story pattern object '__thisRule' to 'de.silvawb.uml2blocky.generated.impl.uml2blockyAxiom_r1Impl@533ce87d (ruleID: r1).
Traversing link 'axioms' from '__thisRule' to '__ruleGroup' (__thisRule: de.silvawb.uml2blocky.generated.impl.uml2blockyAxiom_r1Impl@533ce87d (ruleID: r1))...
Variable created: __ruleGroup:org.eclipse.emf.ecore.impl.EClassImpl@65ef870c (name: OperationalAxiomGroup) (instanceClassName: null) (abstract: false, interface: false) = de.silvawb.uml2blocky.generated.impl.uml2blockyAxiomImpl@6b7eaf9e (ruleGroupID: uml2blockyAxiom)
Bound story pattern object '__ruleGroup' to 'de.silvawb.uml2blocky.generated.impl.uml2blockyAxiomImpl@6b7eaf9e (ruleGroupID: uml2blockyAxiom).
Traversing link 'operationalAxiomGroup' from '__ruleGroup' to '__opTgg' (__ruleGroup: de.silvawb.uml2blocky.generated.impl.uml2blockyAxiomImpl@6b7eaf9e (ruleGroupID: uml2blockyAxiom))...
Variable created: __opTgg:org.eclipse.emf.ecore.impl.EClassImpl@3e8900f9 (name: OperationalTGG) (instanceClassName: null) (abstract: false, interface: false) = de.silvawb.uml2blocky.generated.impl.uml2blockyOperationalTGGImpl@4a3be534 (tggID: de.silvawb.uml2blocky) (interpreter: de.mdelab.mlsdm.interpreter.eclipse.MLSDMEclipseInterpreter@2244deff)
Bound story pattern object '__opTgg' to 'de.silvawb.uml2blocky.generated.impl.uml2blockyOperationalTGGImpl@4a3be534 (tggID: de.silvawb.uml2blocky) (interpreter: de.mdelab.mlsdm.interpreter.eclipse.MLSDMEclipseInterpreter@2244deff).
Traversing link 'operationalTGG' from '__opTgg' to '__tggEngine' (__opTgg: de.silvawb.uml2blocky.generated.impl.uml2blockyOperationalTGGImpl@4a3be534 (tggID: de.silvawb.uml2blocky) (interpreter: de.mdelab.mlsdm.interpreter.eclipse.MLSDMEclipseInterpreter@2244deff))...
Variable created: __tggEngine:org.eclipse.emf.ecore.impl.EClassImpl@a7dac0a (name: TGGEngine) (instanceClassName: null) (abstract: true, interface: false) = de.mdelab.mltgg.mote.eclipse.MoTE2Eclipse@578c48ec
Link check successful: 'uncoveredLeftElements' from '__tggEngine' to 'model' (source: 'de.mdelab.mltgg.mote.eclipse.MoTE2Eclipse@578c48ec', target: 'org.eclipse.uml2.uml.internal.impl.ModelImpl@6a1c6a9f (name: uml01, visibility: <unset>) (URI: ) (viewpoint: )').
Bound story pattern object '__tggEngine' to 'de.mdelab.mltgg.mote.eclipse.MoTE2Eclipse@578c48ec.
Matching successful of story pattern 'match LHS.
Applying story pattern 'match LHS...
Applied story pattern 'match LHS...
Finished execution of activity node 'match LHS'.
Traversing activity edge from 'match LHS' to 'evaluate rule variables'.


Executing activity node 'evaluate rule variables'...
Evaluating expression 'de.mdelab.mlcallactions.impl.CallActionExpressionImpl@74622e23 (uuid: _OLlKzpiTEeWSsvUyU8yapg) (ast: null)'...
Evaluated expression 'de.mdelab.mlcallactions.impl.CallActionExpressionImpl@74622e23 (uuid: _OLlKzpiTEeWSsvUyU8yapg) (ast: null)' to 'null'.
Finished execution of activity node 'evaluate rule variables'.
Traversing activity edge from 'evaluate rule variables' to 'transform elements'.


Executing activity node 'transform elements'...
Initializing story pattern 'transform elements'...
Initialization finished of story pattern 'transform elements'.
Matching story pattern 'transform elements'...
Bound story pattern object '__thisRule' to 'de.silvawb.uml2blocky.generated.impl.uml2blockyAxiom_r1Impl@533ce87d (ruleID: r1).
Bound story pattern object '__tggEngine' to 'de.mdelab.mltgg.mote.eclipse.MoTE2Eclipse@578c48ec.
Bound story pattern object 'model' to 'org.eclipse.uml2.uml.internal.impl.ModelImpl@6a1c6a9f (name: uml01, visibility: <unset>) (URI: ) (viewpoint: ).
Link check successful: 'uncoveredLeftElements' from '__tggEngine' to 'model' (source: 'de.mdelab.mltgg.mote.eclipse.MoTE2Eclipse@578c48ec', target: 'org.eclipse.uml2.uml.internal.impl.ModelImpl@6a1c6a9f (name: uml01, visibility: <unset>) (URI: ) (viewpoint: )').
Matching successful of story pattern 'transform elements.
Applying story pattern 'transform elements...
Instance link 'uncoveredLeftElements' destroyed from '__tggEngine' to 'model' (__tggEngine: 'de.mdelab.mlstorypatterns.impl.StoryPatternObjectImpl@3c544e10 (uuid: _OLlxyJiTEeWSsvUyU8yapg) (modifier: NONE, matchType: DEFAULT) (name: __tggEngine) (bindingType: BOUND)', model: 'org.eclipse.uml2.uml.internal.impl.ModelImpl@6a1c6a9f (name: uml01, visibility: <unset>) (URI: ) (viewpoint: )')
Variable created: target:org.eclipse.emf.ecore.impl.EClassImpl@7251258a (name: BlockDiagram) (instanceClassName: null) (abstract: false, interface: false) = de.silvawb.blocky.impl.BlockDiagramImpl@467916f1 (name: null)
Instance object created for 'target': de.silvawb.blocky.impl.BlockDiagramImpl@467916f1 (name: null)
Variable created: corrAxiom:org.eclipse.emf.ecore.impl.EClassImpl@28f4ad01 (name: CorrAxiom) (instanceClassName: null) (abstract: false, interface: false) = de.silvawb.uml2blocky.impl.CorrAxiomImpl@37d14c5c
Instance object created for 'corrAxiom': de.silvawb.uml2blocky.impl.CorrAxiomImpl@37d14c5c
Instance link 'coveredRightElements' created from '__tggEngine' to 'target' (__tggEngine: 'de.mdelab.mltgg.mote.eclipse.MoTE2Eclipse@578c48ec', target: 'de.silvawb.blocky.impl.BlockDiagramImpl@467916f1 (name: null)')
Instance link 'coveredRightElements' created from '__tggEngine' to 'corrAxiom' (__tggEngine: 'de.mdelab.mltgg.mote.eclipse.MoTE2Eclipse@578c48ec', corrAxiom: 'de.silvawb.uml2blocky.impl.CorrAxiomImpl@37d14c5c')
Instance link 'coveredLeftElements' created from '__tggEngine' to 'model' (__tggEngine: 'de.mdelab.mltgg.mote.eclipse.MoTE2Eclipse@578c48ec', model: 'org.eclipse.uml2.uml.internal.impl.ModelImpl@6a1c6a9f (name: uml01, visibility: <unset>) (URI: ) (viewpoint: )')
Instance link 'coveredLeftElements' created from '__tggEngine' to 'corrAxiom' (__tggEngine: 'de.mdelab.mltgg.mote.eclipse.MoTE2Eclipse@578c48ec', corrAxiom: 'de.silvawb.uml2blocky.impl.CorrAxiomImpl@37d14c5c')
Instance link 'createdBy' created from 'corrAxiom' to '__thisRule' (corrAxiom: 'de.silvawb.uml2blocky.impl.CorrAxiomImpl@37d14c5c', __thisRule: 'de.silvawb.uml2blocky.generated.impl.uml2blockyAxiom_r1Impl@533ce87d (ruleID: r1)')
Instance link 'tggNodes' created from '__tggEngine' to 'corrAxiom' (__tggEngine: 'de.mdelab.mltgg.mote.eclipse.MoTE2Eclipse@578c48ec', corrAxiom: 'de.silvawb.uml2blocky.impl.CorrAxiomImpl@37d14c5c')
Instance link 'rightNodes' created from 'corrAxiom' to 'target' (corrAxiom: 'de.silvawb.uml2blocky.impl.CorrAxiomImpl@37d14c5c', target: 'de.silvawb.blocky.impl.BlockDiagramImpl@467916f1 (name: null)')
Instance link 'leftNodes' created from 'corrAxiom' to 'model' (corrAxiom: 'de.silvawb.uml2blocky.impl.CorrAxiomImpl@37d14c5c', model: 'org.eclipse.uml2.uml.internal.impl.ModelImpl@6a1c6a9f (name: uml01, visibility: <unset>) (URI: ) (viewpoint: )')
Instance link 'createdTGGNodes' created from '__thisRule' to 'corrAxiom' (__thisRule: 'de.silvawb.uml2blocky.generated.impl.uml2blockyAxiom_r1Impl@533ce87d (ruleID: r1)', corrAxiom: 'de.silvawb.uml2blocky.impl.CorrAxiomImpl@37d14c5c')
Applied story pattern 'transform elements...
Finished execution of activity node 'transform elements'.
Traversing activity edge from 'transform elements' to 'register covered links and inverse links'.


Executing activity node 'register covered links and inverse links'...
Evaluating expression 'de.mdelab.mlcallactions.impl.CallActionExpressionImpl@13954fc7 (uuid: _OLlxzZiTEeWSsvUyU8yapg) (ast: null)'...
Evaluated expression 'de.mdelab.mlcallactions.impl.CallActionExpressionImpl@13954fc7 (uuid: _OLlxzZiTEeWSsvUyU8yapg) (ast: null)' to 'true'.
Finished execution of activity node 'register covered links and inverse links'.
Traversing activity edge from 'register covered links and inverse links' to 'null'.


Executing activity node 'null'...
Evaluating expression 'de.mdelab.mlcallactions.impl.CallActionExpressionImpl@6690a0f5 (uuid: _OLlKuZiTEeWSsvUyU8yapg) (ast: null)'...
Evaluated expression 'de.mdelab.mlcallactions.impl.CallActionExpressionImpl@6690a0f5 (uuid: _OLlKuZiTEeWSsvUyU8yapg) (ast: null)' to 'false'.
Finished execution of activity node 'null'.
Traversing activity edge from 'null' to 'null'.


Executing activity node 'null'...
Finished execution of activity node 'null'.
Traversing activity edge from 'null' to 'add TGGNode to transformation queue'.


Executing activity node 'add TGGNode to transformation queue'...
Evaluating expression '__tggEngine.forwardTransformationQueue.add(corrAxiom, false)'...
Evaluated expression '__tggEngine.forwardTransformationQueue.add(corrAxiom, false)' to 'null'.
Finished execution of activity node 'add TGGNode to transformation queue'.
Traversing activity edge from 'add TGGNode to transformation queue' to 'null'.


Executing activity node 'null'...
Finished execution of activity node 'null'.
Evaluating expression 'mote2::operationalTGG::ErrorCodeEnum::OK'...
Evaluated expression 'mote2::operationalTGG::ErrorCodeEnum::OK' to 'OK'.
Evaluating expression 'de.mdelab.mlcallactions.impl.CallActionExpressionImpl@efc6448 (uuid: _OLlx3ZiTEeWSsvUyU8yapg) (ast: null)'...
Evaluated expression 'de.mdelab.mlcallactions.impl.CallActionExpressionImpl@efc6448 (uuid: _OLlx3ZiTEeWSsvUyU8yapg) (ast: null)' to 'de.silvawb.blocky.impl.BlockDiagramImpl@467916f1 (name: null)'.
Finished execution of activity 'uml2blockyAxiom_r1_transform_forward'.
Unknown kind of notification: de.mdelab.mltgg.mote2.notifications.AxiomExecutedNotification@5c1bbaa7
Unknown kind of notification: de.mdelab.mltgg.mote2.notifications.TransformationFinishedNotification@207b592f
INFO: mote2Transformer:Mote2Transformer : Transformation successful.

INFO: test x2y Transformation:Workflow : Executing modelWriter:ModelWriter...

INFO: modelWriter:ModelWriter : Saving model slot 'output' to 'platform:/resource/de.silvawb.uml2blocky.launch/My.blocky'...

INFO: test x2y Transformation:Workflow : Execution finished in 88 ms.

