\BOOKMARK [0][-]{MUTESCHAPTER.1.0}{\376\377\000A\000b\000s\000t\000r\000a\000c\000t}{}% 1
\BOOKMARK [0][-]{MUTESCHAPTER.2.0}{\376\377\000Z\000u\000s\000a\000m\000m\000e\000n\000f\000a\000s\000s\000u\000n\000g}{}% 2
\BOOKMARK [0][-]{MUTESCHAPTER.3.0}{\376\377\000L\000i\000s\000t\000\040\000o\000f\000\040\000F\000i\000g\000u\000r\000e\000s}{}% 3
\BOOKMARK [0][-]{MUTESCHAPTER.4.0}{\376\377\000L\000i\000s\000t\000\040\000o\000f\000\040\000A\000b\000b\000r\000e\000v\000i\000a\000t\000i\000o\000n\000s\000\040\000a\000n\000d\000\040\000A\000c\000r\000o\000n\000y\000m\000s}{}% 4
\BOOKMARK [0][-]{MUTESCHAPTER.5.0}{\376\377\000C\000o\000n\000t\000e\000n\000t\000s}{}% 5
\BOOKMARK [0][-]{CHAPTER.1}{\376\377\0001\000\040\000I\000n\000t\000r\000o\000d\000u\000c\000t\000i\000o\000n}{}% 6
\BOOKMARK [1][-]{section.1.1}{\376\377\0001\000.\0001\000\040\000B\000a\000c\000k\000g\000r\000o\000u\000n\000d}{CHAPTER.1}% 7
\BOOKMARK [1][-]{section.1.2}{\376\377\0001\000.\0002\000\040\000M\000o\000t\000i\000v\000a\000t\000i\000o\000n}{CHAPTER.1}% 8
\BOOKMARK [1][-]{section.1.3}{\376\377\0001\000.\0003\000\040\000O\000b\000j\000e\000c\000t\000i\000v\000e}{CHAPTER.1}% 9
\BOOKMARK [1][-]{section.1.4}{\376\377\0001\000.\0004\000\040\000M\000e\000t\000h\000o\000d\000o\000l\000o\000g\000y}{CHAPTER.1}% 10
\BOOKMARK [0][-]{CHAPTER.2}{\376\377\0002\000\040\000F\000o\000u\000n\000d\000a\000t\000i\000o\000n\000s}{}% 11
\BOOKMARK [1][-]{section.2.1}{\376\377\0002\000.\0001\000\040\000M\000o\000d\000e\000l\000s\000\040\000a\000n\000d\000\040\000M\000D\000E}{CHAPTER.2}% 12
\BOOKMARK [1][-]{section.2.2}{\376\377\0002\000.\0002\000\040\000M\000o\000d\000e\000l\000\040\000S\000y\000n\000c\000h\000r\000o\000n\000i\000z\000a\000t\000i\000o\000n}{CHAPTER.2}% 13
\BOOKMARK [1][-]{section.2.3}{\376\377\0002\000.\0003\000\040\000T\000r\000i\000p\000l\000e\000\040\000G\000r\000a\000p\000h\000\040\000G\000r\000a\000m\000m\000a\000r}{CHAPTER.2}% 14
\BOOKMARK [0][-]{CHAPTER.3}{\376\377\0003\000\040\000S\000t\000a\000t\000e\000\040\000o\000f\000\040\000t\000h\000e\000\040\000A\000r\000t}{}% 15
\BOOKMARK [0][-]{CHAPTER.4}{\376\377\0004\000\040\000M\000e\000t\000a\000m\000o\000d\000e\000l\000\040\000R\000e\000l\000a\000t\000i\000o\000n\000s\000\040\000i\000n\000\040\000t\000h\000e\000\040\000J\000a\000v\000a\000\040\000T\000e\000c\000h\000n\000o\000l\000o\000g\000i\000c\000a\000l\000\040\000S\000p\000a\000c\000e}{}% 16
\BOOKMARK [1][-]{section.4.1}{\376\377\0004\000.\0001\000\040\000N\000e\000t\000w\000o\000r\000k\000\040\000o\000f\000\040\000M\000e\000t\000a\000m\000o\000d\000e\000l\000s}{CHAPTER.4}% 17
\BOOKMARK [1][-]{section.4.2}{\376\377\0004\000.\0002\000\040\000M\000e\000t\000a\000m\000o\000d\000e\000l\000\040\000D\000e\000f\000i\000n\000i\000t\000i\000o\000n\000s}{CHAPTER.4}% 18
\BOOKMARK [2][-]{subsection.4.2.1}{\376\377\0004\000.\0002\000.\0001\000\040\000U\000M\000L\000\040\000C\000l\000a\000s\000s\000\040\000D\000i\000a\000g\000r\000a\000m}{section.4.2}% 19
\BOOKMARK [2][-]{subsection.4.2.2}{\376\377\0004\000.\0002\000.\0002\000\040\000U\000M\000L\000\040\000S\000e\000q\000u\000e\000n\000c\000e\000\040\000D\000i\000a\000g\000r\000a\000m}{section.4.2}% 20
\BOOKMARK [2][-]{subsection.4.2.3}{\376\377\0004\000.\0002\000.\0003\000\040\000U\000M\000L\000\040\000C\000o\000n\000t\000r\000a\000c\000t}{section.4.2}% 21
\BOOKMARK [2][-]{subsection.4.2.4}{\376\377\0004\000.\0002\000.\0004\000\040\000J\000a\000v\000a}{section.4.2}% 22
\BOOKMARK [1][-]{section.4.3}{\376\377\0004\000.\0003\000\040\000M\000e\000t\000a\000m\000o\000d\000e\000l\000\040\000R\000e\000l\000a\000t\000i\000o\000n\000s}{CHAPTER.4}% 23
\BOOKMARK [2][-]{subsection.4.3.1}{\376\377\0004\000.\0003\000.\0001\000\040\000R\000e\000l\000a\000t\000i\000o\000n\000s\000\040\000b\000e\000t\000w\000e\000e\000n\000\040\000U\000M\000L\000C\000l\000a\000s\000s\000D\000i\000a\000g\000r\000a\000m\000\040\000a\000n\000d\000\040\000J\000a\000v\000a}{section.4.3}% 24
\BOOKMARK [2][-]{subsection.4.3.2}{\376\377\0004\000.\0003\000.\0002\000\040\000R\000e\000l\000a\000t\000i\000o\000n\000s\000\040\000b\000e\000t\000w\000e\000e\000n\000\040\000U\000M\000L\000S\000e\000q\000u\000e\000n\000c\000e\000D\000i\000a\000g\000r\000a\000m\000\040\000a\000n\000d\000\040\000J\000a\000v\000a}{section.4.3}% 25
\BOOKMARK [2][-]{subsection.4.3.3}{\376\377\0004\000.\0003\000.\0003\000\040\000R\000e\000l\000a\000t\000i\000o\000n\000s\000\040\000b\000e\000t\000w\000e\000e\000n\000\040\000U\000M\000L\000C\000o\000n\000t\000r\000a\000c\000t\000\040\000a\000n\000d\000\040\000J\000a\000v\000a}{section.4.3}% 26
\BOOKMARK [1][-]{section.4.4}{\376\377\0004\000.\0004\000\040\000E\000v\000a\000l\000u\000a\000t\000i\000o\000n}{CHAPTER.4}% 27
\BOOKMARK [0][-]{CHAPTER.5}{\376\377\0005\000\040\000S\000y\000n\000c\000h\000r\000o\000n\000i\000z\000a\000t\000i\000o\000n\000\040\000o\000f\000\040\000M\000o\000d\000e\000l\000s\000\040\000i\000n\000\040\000t\000h\000e\000\040\000J\000a\000v\000a\000\040\000T\000e\000c\000h\000n\000o\000l\000o\000g\000i\000c\000a\000l\000\040\000S\000p\000a\000c\000e}{}% 28
\BOOKMARK [1][-]{section.5.1}{\376\377\0005\000.\0001\000\040\000S\000y\000n\000c\000h\000r\000o\000n\000i\000z\000a\000t\000i\000o\000n\000\040\000o\000f\000\040\000a\000\040\000N\000e\000t\000w\000o\000r\000k\000\040\000o\000f\000\040\000M\000o\000d\000e\000l\000s}{CHAPTER.5}% 29
\BOOKMARK [0][-]{CHAPTER.6}{\376\377\0006\000\040\000D\000i\000s\000c\000u\000s\000s\000i\000o\000n}{}% 30
\BOOKMARK [0][-]{CHAPTER.7}{\376\377\0007\000\040\000C\000o\000n\000c\000l\000u\000s\000i\000o\000n}{}% 31
\BOOKMARK [0][-]{schapter.6}{\376\377\000R\000e\000f\000e\000r\000e\000n\000c\000e\000s}{}% 32
